<?xml version="1.0" encoding="UTF-8" ?>
<testsuite tests="16" failures="0" name="DoublyLinkedList.DoublyLinkedListTest" time="0.006" errors="0" skipped="0">
  <properties>
    <property name="java.runtime.name" value="OpenJDK Runtime Environment"/>
    <property name="java.vm.version" value="11.0.9+11"/>
    <property name="sun.boot.library.path" value="/usr/lib/jvm/jdk-11.0.9+11/lib"/>
    <property name="maven.multiModuleProjectDirectory" value="/home/kuma/Code/DoublyLinkedList"/>
    <property name="java.vm.vendor" value="AdoptOpenJDK"/>
    <property name="java.vendor.url" value="https://adoptopenjdk.net/"/>
    <property name="guice.disable.misplaced.annotation.check" value="true"/>
    <property name="path.separator" value=":"/>
    <property name="java.vm.name" value="OpenJDK 64-Bit Server VM"/>
    <property name="sun.os.patch.level" value="unknown"/>
    <property name="user.country" value="US"/>
    <property name="sun.java.launcher" value="SUN_STANDARD"/>
    <property name="java.vm.specification.name" value="Java Virtual Machine Specification"/>
    <property name="user.dir" value="/home/kuma/Code/DoublyLinkedList"/>
    <property name="java.vm.compressedOopsMode" value="Zero based"/>
    <property name="java.runtime.version" value="11.0.9+11"/>
    <property name="java.awt.graphicsenv" value="sun.awt.X11GraphicsEnvironment"/>
    <property name="os.arch" value="amd64"/>
    <property name="java.io.tmpdir" value="/tmp"/>
    <property name="line.separator" value="
"/>
    <property name="java.vm.specification.vendor" value="Oracle Corporation"/>
    <property name="os.name" value="Linux"/>
    <property name="classworlds.conf" value="/usr/share/maven/bin/m2.conf"/>
    <property name="sun.jnu.encoding" value="UTF-8"/>
    <property name="java.library.path" value="/usr/java/packages/lib:/usr/lib64:/lib64:/lib:/usr/lib"/>
    <property name="maven.conf" value="/usr/share/maven/conf"/>
    <property name="jdk.debug" value="release"/>
    <property name="java.class.version" value="55.0"/>
    <property name="java.specification.name" value="Java Platform API Specification"/>
    <property name="sun.management.compiler" value="HotSpot 64-Bit Tiered Compilers"/>
    <property name="os.version" value="4.19.128-microsoft-standard"/>
    <property name="library.jansi.path" value="/usr/share/maven/lib/jansi-native"/>
    <property name="user.home" value="/home/kuma"/>
    <property name="user.timezone" value="Europe/Berlin"/>
    <property name="java.awt.printerjob" value="sun.print.PSPrinterJob"/>
    <property name="file.encoding" value="UTF-8"/>
    <property name="java.specification.version" value="11"/>
    <property name="user.name" value="kuma"/>
    <property name="java.class.path" value="/usr/share/maven/boot/plexus-classworlds-2.x.jar"/>
    <property name="java.vm.specification.version" value="11"/>
    <property name="sun.arch.data.model" value="64"/>
    <property name="sun.java.command" value="org.codehaus.plexus.classworlds.launcher.Launcher clean install"/>
    <property name="java.home" value="/usr/lib/jvm/jdk-11.0.9+11"/>
    <property name="user.language" value="en"/>
    <property name="java.specification.vendor" value="Oracle Corporation"/>
    <property name="awt.toolkit" value="sun.awt.X11.XToolkit"/>
    <property name="java.vm.info" value="mixed mode"/>
    <property name="java.version" value="11.0.9"/>
    <property name="securerandom.source" value="file:/dev/./urandom"/>
    <property name="java.vendor" value="AdoptOpenJDK"/>
    <property name="maven.home" value="/usr/share/maven"/>
    <property name="file.separator" value="/"/>
    <property name="java.version.date" value="2020-10-20"/>
    <property name="java.vendor.url.bug" value="https://github.com/AdoptOpenJDK/openjdk-support/issues"/>
    <property name="sun.io.unicode.encoding" value="UnicodeLittle"/>
    <property name="sun.cpu.endian" value="little"/>
    <property name="java.vendor.version" value="AdoptOpenJDK"/>
    <property name="sun.cpu.isalist" value=""/>
  </properties>
  <testcase classname="DoublyLinkedList.DoublyLinkedListTest" name="testToArray" time="0.003"/>
  <testcase classname="DoublyLinkedList.DoublyLinkedListTest" name="testSetThrowsIndexOutOfBoundsException" time="0"/>
  <testcase classname="DoublyLinkedList.DoublyLinkedListTest" name="testAdd" time="0"/>
  <testcase classname="DoublyLinkedList.DoublyLinkedListTest" name="testGet" time="0"/>
  <testcase classname="DoublyLinkedList.DoublyLinkedListTest" name="testSet" time="0.001"/>
  <testcase classname="DoublyLinkedList.DoublyLinkedListTest" name="testRemoveIndexThrowsIndexOutOfBoundsException" time="0"/>
  <testcase classname="DoublyLinkedList.DoublyLinkedListTest" name="testClear" time="0"/>
  <testcase classname="DoublyLinkedList.DoublyLinkedListTest" name="testSize" time="0"/>
  <testcase classname="DoublyLinkedList.DoublyLinkedListTest" name="testRemoveIndex" time="0"/>
  <testcase classname="DoublyLinkedList.DoublyLinkedListTest" name="testGetThrowsIndexOutOfBoundsException" time="0"/>
  <testcase classname="DoublyLinkedList.DoublyLinkedListTest" name="testRemoveObjectThrowsNoSuchElementException" time="0"/>
  <testcase classname="DoublyLinkedList.DoublyLinkedListTest" name="testRemoveObject" time="0"/>
  <testcase classname="DoublyLinkedList.DoublyLinkedListTest" name="testContains" time="0.001"/>
  <testcase classname="DoublyLinkedList.DoublyLinkedListTest" name="testIsEmptyReturnsTrue" time="0"/>
  <testcase classname="DoublyLinkedList.DoublyLinkedListTest" name="testAddAll" time="0"/>
  <testcase classname="DoublyLinkedList.DoublyLinkedListTest" name="testIndexOf" time="0.001"/>
</testsuite>